<?xml version="1.0" encoding="UTF-8"?>
<testsuite xmlns:xsi="http://www.w3.org/2001/XMLSchema-instance" xsi:noNamespaceSchemaLocation="https://maven.apache.org/surefire/maven-surefire-plugin/xsd/surefire-test-report.xsd" name="SimpleTest" time="0.025" tests="3" errors="0" skipped="0" failures="2">
  <properties>
[...]
</properties>
  <testcase name="simpleTest1" classname="SimpleTest" time="0.014">
    <failure message="expected: &lt;2&gt; but was: &lt;0&gt;" type="org.opentest4j.AssertionFailedError"><![CDATA[org.opentest4j.AssertionFailedError: expected: <2> but was: <0>
	at SimpleTest.simpleTest1(SimpleTest.java:19)
]]></failure>
  </testcase>
  <testcase name="simpleTest2" classname="SimpleTest" time="0">
    <failure message="expected: &lt;4&gt; but was: &lt;0&gt;" type="org.opentest4j.AssertionFailedError"><![CDATA[org.opentest4j.AssertionFailedError: expected: <4> but was: <0>
	at SimpleTest.simpleTest2(SimpleTest.java:25)
]]></failure>
  </testcase>
  <testcase name="simpleTest3" classname="SimpleTest" time="0"/>
</testsuite>